mktextfm Calibri
mktextfm Calibri
mktextfm Calibri
mktextfm Calibri/BI
mktextfm Calibri
mktextfm Calibri/B
mktextfm Calibri
mktextfm Calibri/I
mktextfm Calibri
mktextfm Calibri
mktextfm Calibri
mktextfm Calibri
mktextfm Calibri
mktextfm Calibri
mktextfm Calibri
mktextfm Calibri
mktextfm Calibri
mktextfm Lucida
mktextfm Lucida
mktextfm Lucida
mktextfm Lucida/BI
mktextfm Lucida
mktextfm Lucida/B
mktextfm Lucida
mktextfm Lucida/I
mktextfm Lucida
mktextfm Lucida
mktextfm Lucida
mktextfm Lucida
mktextfm Lucida
mktextfm Lucida
mktextfm Lucida
mktextfm Lucida
mktextfm Lucida
mktextfm Garamond
mktextfm Garamond
mktextfm Garamond
mktextfm Garamond/BI
mktextfm Garamond
mktextfm Garamond/B
mktextfm Garamond
mktextfm Garamond/I
mktextfm Garamond
mktextfm Garamond
mktextfm Garamond
mktextfm Garamond
mktextfm Garamond
mktextfm Garamond
mktextfm Garamond
mktextfm Garamond
mktextfm Garamond
mktextfm Verdana
mktextfm Verdana
mktextfm Verdana
mktextfm Verdana/BI
mktextfm Verdana
mktextfm Verdana/B
mktextfm Verdana
mktextfm Verdana/I
mktextfm Verdana
mktextfm Verdana
mktextfm Verdana
mktextfm Verdana
mktextfm Verdana
mktextfm Verdana
mktextfm Verdana
mktextfm Verdana
mktextfm Verdana
